WARNING:tensorflow:From ../ge/models/line.py:53: calling reduce_sum (from tensorflow.python.ops.math_ops) with keep_dims is deprecated and will be removed in a future version.
Instructions for updating:
keep_dims is deprecated, use keepdims instead
2019-06-02 11:39:02.815045: I tensorflow/core/platform/cpu_feature_guard.cc:141] Your CPU supports instructions that this TensorFlow binary was not compiled to use: AVX2 FMA
2019-06-02 11:39:03.611005: I tensorflow/core/common_runtime/gpu/gpu_device.cc:1411] Found device 0 with properties: 
name: TITAN Xp major: 6 minor: 1 memoryClockRate(GHz): 1.582
pciBusID: 0000:0f:00.0
totalMemory: 11.91GiB freeMemory: 11.75GiB
2019-06-02 11:39:03.611058: I tensorflow/core/common_runtime/gpu/gpu_device.cc:1490] Adding visible gpu devices: 0
2019-06-02 11:39:04.060082: I tensorflow/core/common_runtime/gpu/gpu_device.cc:971] Device interconnect StreamExecutor with strength 1 edge matrix:
2019-06-02 11:39:04.060127: I tensorflow/core/common_runtime/gpu/gpu_device.cc:977]      0 
2019-06-02 11:39:04.060135: I tensorflow/core/common_runtime/gpu/gpu_device.cc:990] 0:   N 
2019-06-02 11:39:04.060509: I tensorflow/core/common_runtime/gpu/gpu_device.cc:1103] Created TensorFlow device (/job:localhost/replica:0/task:0/device:GPU:0 with 11364 MB memory) -> physical GPU (device: 0, name: TITAN Xp, pci bus id: 0000:0f:00.0, compute capability: 6.1)
Epoch 1/30
 - 6s - loss: 0.4818
Epoch 2/30
 - 4s - loss: 0.2952
Epoch 3/30
 - 4s - loss: 0.2739
Epoch 4/30
 - 4s - loss: 0.2545
Epoch 5/30
 - 4s - loss: 0.2401
Epoch 6/30
 - 4s - loss: 0.2283
Epoch 7/30
 - 4s - loss: 0.2174
Epoch 8/30
 - 4s - loss: 0.2077
Epoch 9/30
 - 4s - loss: 0.1979
Epoch 10/30
 - 4s - loss: 0.1890
Epoch 11/30
 - 4s - loss: 0.1803
Epoch 12/30
 - 4s - loss: 0.1730
Epoch 13/30
 - 4s - loss: 0.1663
Epoch 14/30
 - 4s - loss: 0.1600
Epoch 15/30
 - 4s - loss: 0.1547
Epoch 16/30
 - 4s - loss: 0.1499
Epoch 17/30
 - 4s - loss: 0.1458
Epoch 18/30
 - 4s - loss: 0.1421
Epoch 19/30
 - 4s - loss: 0.1385
Epoch 20/30
 - 4s - loss: 0.1349
Epoch 21/30
 - 4s - loss: 0.1330
Epoch 22/30
 - 4s - loss: 0.1305
Epoch 23/30
 - 4s - loss: 0.1287
Epoch 24/30
 - 4s - loss: 0.1269
Epoch 25/30
 - 4s - loss: 0.1248
Epoch 26/30
 - 4s - loss: 0.1237
Epoch 27/30
 - 4s - loss: 0.1219
Epoch 28/30
 - 4s - loss: 0.1209
Epoch 29/30
 - 4s - loss: 0.1193
Epoch 30/30
 - 4s - loss: 0.1188
/usr/local/lib/python3.6/dist-packages/tensorflow/python/ops/gradients_impl.py:108: UserWarning: Converting sparse IndexedSlices to a dense Tensor of unknown shape. This may consume a large amount of memory.
  "Converting sparse IndexedSlices to a dense Tensor of unknown shape. "
